::1 - - [22/Feb/2021:16:34:53 +0000] "GET / HTTP/1.1" 200 14
::1 - - [22/Feb/2021:16:34:53 +0000] "GET /favicon.ico HTTP/1.1" 404 150
::1 - - [22/Feb/2021:16:35:10 +0000] "GET /posts HTTP/1.1" 200 15
::1 - - [22/Feb/2021:16:55:27 +0000] "GET /?id=Lg18299RHS10MxSh&i1=1&t=A3%nm*Wb&i2=1&i3=1&i4=1&i5=1&i6=1&i7=1&i8=1&i9=1&n1=1&n2=1&n3=1 HTTP/1.1" 200 14
::1 - - [22/Feb/2021:16:55:45 +0000] "GET /?id=Lg18299RHS10MxSh&i1=1&t=A3%nm*Wb&i2=1&i3=1&i4=1&i5=1&i6=1&i7=1&i8=1&i9=1&n1=1&n2=1&n3=1 HTTP/1.1" 200 14
::1 - - [22/Feb/2021:16:55:57 +0000] "GET /?id=Lg18299RHS10MxSh&i1=1&t=A3%nm*Wb&i2=1&i3=1&i4=1&i5=1&i6=1&i7=1&i8=1&i9=1&n1=1&n2=1&n3=1 HTTP/1.1" 200 14
::1 - - [22/Feb/2021:16:56:31 +0000] "GET /?id=Lg18299RHS10MxSh&i1=1&t=A3%nm*Wb&i2=1&i3=1&i4=1&i5=1&i6=1&i7=1&i8=1&i9=1&n1=1&n2=1&n3=1 HTTP/1.1" 200 14
::1 - - [22/Feb/2021:16:58:50 +0000] "GET /?id=Lg18299RHS10MxSh&i1=1&i2=1&i3=1&i4=1&i5=1&i6=1&i7=1&i8=1&i9=1&n1=1&n2=1&n3=1 HTTP/1.1" 200 10
::1 - - [22/Feb/2021:16:59:19 +0000] "GET /?id=Lg18299RHS10MxSh&i1=1&i2=1&i3=1&i4=1&i5=1&i6=1&i7=1&i8=1&i9=1&n1=1&n2=1&n3=1 HTTP/1.1" 200 10
::1 - - [22/Feb/2021:18:22:06 +0000] "GET /?id=Lg18299RHS10MxSh&i1=1&i2=1&i3=1&i4=1&i5=1&i6=1&i7=1&i8=1&i9=1&n1=1&n2=1&n3=1 HTTP/1.1" 404 10
::1 - - [22/Feb/2021:20:02:06 +0000] "GET /?id=Lg18299RHS10MxSh&i1=1&t=A3%nm*Wb&i2=1&i3=1&i4=1&i5=1&i6=1&i7=1&i8=1&i9=1&n1=1&n2=1&n3=1 HTTP/1.1" 200 123
::1 - - [02/Mar/2021:07:10:03 +0000] "GET /_next/webpack-hmr?page=/[lang] HTTP/1.1" 404 156
::ffff:127.0.0.1 - - [02/Mar/2021:07:10:08 +0000] "GET /_next/webpack-hmr?page=/[lang] HTTP/1.1" 404 156
::1 - - [02/Mar/2021:07:10:14 +0000] "GET /_next/webpack-hmr?page=/[lang] HTTP/1.1" 404 156
::1 - - [02/Mar/2021:07:10:20 +0000] "GET /_next/webpack-hmr?page=/[lang] HTTP/1.1" 404 156
::ffff:127.0.0.1 - - [02/Mar/2021:07:10:38 +0000] "GET /_next/webpack-hmr?page=/[lang] HTTP/1.1" 404 156
::ffff:127.0.0.1 - - [02/Mar/2021:07:10:57 +0000] "GET /_next/webpack-hmr?page=/[lang] HTTP/1.1" 404 156
::ffff:127.0.0.1 - - [02/Mar/2021:07:11:02 +0000] "GET /_next/webpack-hmr?page=/[lang] HTTP/1.1" 404 156
::1 - - [02/Mar/2021:07:11:08 +0000] "GET /_next/webpack-hmr?page=/[lang] HTTP/1.1" 404 156
::1 - - [02/Mar/2021:07:11:14 +0000] "GET /_next/webpack-hmr?page=/[lang] HTTP/1.1" 404 156
::1 - - [02/Mar/2021:07:11:20 +0000] "GET /_next/webpack-hmr?page=/[lang] HTTP/1.1" 404 156
::1 - - [02/Mar/2021:07:11:26 +0000] "GET /_next/webpack-hmr?page=/[lang] HTTP/1.1" 404 156
::1 - - [02/Mar/2021:07:11:32 +0000] "GET /_next/webpack-hmr?page=/[lang] HTTP/1.1" 404 156
::1 - - [02/Mar/2021:07:12:09 +0000] "GET /?t=A3%nm*Wb&id=Lg18299RHS10MxSh&i1=1&i2=1&i3=1&i4=1&i5=1&i6=1&i7=1&i8=1&i9=1&n1=1&n2=1&n3=1&o1=0&o2=0&o3=0&e=0 HTTP/1.1" 200 123
::1 - - [02/Mar/2021:07:12:52 +0000] "GET /?t=A3%nm*Wb&id=Lg18299RHS10MxSh&i1=1&i2=1&i3=1&i4=1&i5=1&i6=1&i7=1&i8=1&i9=1&n1=1&n2=1&n3=1&o1=0&o2=0&o3=0&e=0 HTTP/1.1" 200 123
::1 - - [02/Mar/2021:07:13:00 +0000] "GET /?t=A3%nm*W&id=Lg18299RHS10MxSh&i1=1&i2=1&i3=1&i4=1&i5=1&i6=1&i7=1&i8=1&i9=1&n1=1&n2=1&n3=1&o1=0&o2=0&o3=0&e=0 HTTP/1.1" 404 10
::1 - - [02/Mar/2021:09:59:23 +0000] "GET / HTTP/1.1" 404 10
::1 - - [02/Mar/2021:09:59:29 +0000] "GET /?t=A3%nm*WB&id=Lg18299RHS10MxSh&i1=1&i2=1&i3=1&i4=1&i5=1&i6=1&i7=1&i8=1&i9=1&n1=1&n2=1&n3=1&o1=0&o2=0&o3=0&e=0 HTTP/1.1" 404 10
::1 - - [02/Mar/2021:09:59:47 +0000] "GET /?t=A3%nm*WB&id=Lg18299RHS10MxSh&i1=0&i2=1&i3=1&i4=1&i5=1&i6=1&i7=1&i8=1&i9=1&n1=1&n2=1&n3=1&o1=0&o2=0&o3=0&e=0 HTTP/1.1" 404 10
::1 - - [02/Mar/2021:10:00:03 +0000] "GET /?e=0&t=A3%nm*Wb_ID=Lg18299RHS10MxSh_&i1=1_&i2=1_&i3=1_&i4=1_&i5=1_&i6=1_&i7=1_&i8=1_&i9=1_&n1=1_&n2=1_&n3=1_&o1=0_&o2=0_&o3=0_ HTTP/1.1" 404 10
::1 - - [02/Mar/2021:10:00:22 +0000] "GET /?t=A3%nm*Wb_Lg18299RHS10MxSh_&i1=1_&i2=1_&i3=1_&i4=1_&i5=1_&i6=1_&i7=1_&i8=1_&i9=1_&n1=1_&n2=1_&n3=1_&o1=0_&o2=0_&o3=0_&e=0 HTTP/1.1" 404 10
::1 - - [02/Mar/2021:10:00:24 +0000] "GET /?t=A3%nm*WbLg18299RHS10MxSh_&i1=1_&i2=1_&i3=1_&i4=1_&i5=1_&i6=1_&i7=1_&i8=1_&i9=1_&n1=1_&n2=1_&n3=1_&o1=0_&o2=0_&o3=0_&e=0 HTTP/1.1" 404 10
::1 - - [02/Mar/2021:10:01:27 +0000] "GET /?t=A3%nm*WB&id=Lg18299RHS10MxSh&i1=0&i2=1&i3=1&i4=1&i5=1&i6=1&i7=1&i8=1&i9=1&n1=1&n2=1&n3=1&o1=0&o2=0&o3=0&e=0 HTTP/1.1" 404 10
::1 - - [02/Mar/2021:10:01:35 +0000] "GET /?t=A3%nm*WB&id=Lg18299RHS10MxSh&i1=1&i2=1&i3=1&i4=1&i5=1&i6=1&i7=1&i8=1&i9=1&n1=1&n2=1&n3=1&o1=0&o2=0&o3=0&e=0 HTTP/1.1" 404 10
::1 - - [02/Mar/2021:10:01:48 +0000] "GET /?t=A3%nm*Wb&id=Lg18299RHS10MxSh&i1=1&i2=1&i3=1&i4=1&i5=1&i6=1&i7=1&i8=1&i9=1&n1=1&n2=1&n3=1&o1=&o2=0&o3=0&e=0 HTTP/1.1" 200 123
::1 - - [02/Mar/2021:10:04:39 +0000] "GET /?t=A3%nm*Wb&id=Lg18299RHS10MxSh&i1=1&i2=1&i3=1&i4=1&i5=1&i6=1&i7=1&i8=1&i9=1&n1=1&n2=1&n3=1&o1=&o2=0&o3=0&e=0 HTTP/1.1" 200 123
::1 - - [02/Mar/2021:10:05:01 +0000] "GET /?t=A3%nm*Wb&id=Lg18299RHS10MxSh&i1=1&i2=1&i3=1&i4=1&i5=1&i6=1&i7=1&i8=1&i9=1&n1=1&n2=1&n3=1&o1=&o2=0&o3=0&e=0 HTTP/1.1" 200 123
::1 - - [02/Mar/2021:11:10:58 +0000] "GET / HTTP/1.1" 404 10
::1 - - [02/Mar/2021:11:29:06 +0000] "GET /603e16f06915596597131cc1 HTTP/1.1" 500 56
::1 - - [02/Mar/2021:11:29:32 +0000] "GET /603e16f06915596597131cc1 HTTP/1.1" 500 56
::1 - - [02/Mar/2021:11:29:57 +0000] "GET /603e16f06915596597131cc1 HTTP/1.1" 500 56
::1 - - [02/Mar/2021:11:30:15 +0000] "GET /603e16f06915596597131cc1 HTTP/1.1" 500 56
::1 - - [02/Mar/2021:11:30:24 +0000] "GET /603e16f06915596597131cc1 HTTP/1.1" 500 56
::1 - - [02/Mar/2021:11:33:03 +0000] "GET /603e16f06915596597131cc1 HTTP/1.1" 500 56
::1 - - [02/Mar/2021:11:33:33 +0000] "GET /603e16f06915596597131cc1 HTTP/1.1" 500 56
::1 - - [02/Mar/2021:11:41:10 +0000] "GET /603e16f06915596597131cc1 HTTP/1.1" 500 56
::1 - - [02/Mar/2021:11:42:11 +0000] "GET /603e16f06915596597131cc1 HTTP/1.1" 500 56
::1 - - [02/Mar/2021:11:42:24 +0000] "GET /603e16f06915596597131cc1 HTTP/1.1" 500 56
::1 - - [02/Mar/2021:11:44:27 +0000] "GET /603e16f06915596597131cc1 HTTP/1.1" 500 56
::1 - - [02/Mar/2021:11:46:45 +0000] "GET /603e16f06915596597131cc1 HTTP/1.1" 500 56
::1 - - [02/Mar/2021:11:47:10 +0000] "GET /603e16f06915596597131cc1 HTTP/1.1" 500 56
::1 - - [02/Mar/2021:11:47:13 +0000] "GET /602527517527fdb6a0bd18b9 HTTP/1.1" 500 56
::1 - - [02/Mar/2021:11:47:43 +0000] "GET /603e16f06915596597131cc1 HTTP/1.1" 500 56
::1 - - [02/Mar/2021:11:49:31 +0000] "GET /603e16f06915596597131cc1 HTTP/1.1" 500 56
::1 - - [02/Mar/2021:11:50:05 +0000] "GET /603e16f06915596597131cc1 HTTP/1.1" 500 56
::1 - - [02/Mar/2021:11:51:50 +0000] "GET /603e16f06915596597131cc1 HTTP/1.1" 500 56
::1 - - [02/Mar/2021:11:53:00 +0000] "GET /603e16f06915596597131cc1 HTTP/1.1" 500 56
::1 - - [02/Mar/2021:11:53:13 +0000] "GET /603e16f06915596597131cc1 HTTP/1.1" 500 56
::1 - - [02/Mar/2021:11:53:29 +0000] "GET /603e16f06915596597131cc1 HTTP/1.1" 500 56
::1 - - [02/Mar/2021:11:59:39 +0000] "GET /603e16f06915596597131cc1 HTTP/1.1" 500 32
::1 - - [02/Mar/2021:12:00:37 +0000] "GET /603e16f06915596597131cc1 HTTP/1.1" 400 23
::1 - - [02/Mar/2021:12:00:56 +0000] "GET /603e16f06915596597131cc1 HTTP/1.1" 400 22
::1 - - [02/Mar/2021:12:01:09 +0000] "GET /603e16f06915596597131cc1 HTTP/1.1" 400 22
::1 - - [02/Mar/2021:12:02:02 +0000] "GET /603e23835fcad72a210c31a5 HTTP/1.1" 200 274
::1 - - [02/Mar/2021:12:02:29 +0000] "GET /603e23835fcad72a210c31a5 HTTP/1.1" 200 269
::1 - - [02/Mar/2021:12:10:32 +0000] "GET /?t=A3%nm*Wb&id=Lg18299RHS10MxSh&i1=1&i2=1&i3=1&i4=1&i5=1&i6=1&i7=1&i8=1&i9=1&n1=1&n2=1&n3=1&o1=&o2=0&o3=0&e=0 HTTP/1.1" 404 139
::1 - - [02/Mar/2021:12:10:35 +0000] "GET /603e23835fcad72a210c31a5 HTTP/1.1" 404 163
::1 - - [02/Mar/2021:12:10:43 +0000] "GET /home/603e23835fcad72a210c31a5 HTTP/1.1" 404 168
::1 - - [02/Mar/2021:12:10:50 +0000] "GET /door/603e23835fcad72a210c31a5 HTTP/1.1" 200 269
::1 - - [02/Mar/2021:12:11:13 +0000] "GET /door/603e23835fcad72a210c31a5 HTTP/1.1" 200 269
::1 - - [02/Mar/2021:12:12:59 +0000] "GET /door/603e23835fcad72a210c31a5 HTTP/1.1" 200 269
::1 - - [02/Mar/2021:12:13:44 +0000] "GET /door/603e23835fcad72a210c31a5 HTTP/1.1" 200 253
::1 - - [02/Mar/2021:12:14:34 +0000] "GET /door/603e23835fcad72a210c31a5 HTTP/1.1" 200 163
::1 - - [02/Mar/2021:12:15:28 +0000] "GET /door/603e23835fcad72a210c31a5 HTTP/1.1" 200 163
::1 - - [02/Mar/2021:12:15:43 +0000] "GET /door/603e23835fcad72a210c31a5 HTTP/1.1" 200 154
::1 - - [02/Mar/2021:12:21:28 +0000] "GET /door/A3%nm*Wb603e23835fcad72a210c31a5 HTTP/1.1" 404 10
::1 - - [02/Mar/2021:12:22:55 +0000] "GET /door/603e23835fcad72a210c31a5 HTTP/1.1" 404 10
::1 - - [02/Mar/2021:12:23:07 +0000] "GET /door/603e23835fcad72a210c31a5 HTTP/1.1" 200 154
::1 - - [02/Mar/2021:12:32:11 +0000] "GET /door/Lg18299RHS10MxSh HTTP/1.1" 500 41
::1 - - [02/Mar/2021:12:33:00 +0000] "GET /door/Lg18299RHS10MxSh HTTP/1.1" 200 182
::1 - - [02/Mar/2021:12:34:30 +0000] "GET /door/Lg18299RHS10MxSh HTTP/1.1" 404 10
::1 - - [02/Mar/2021:12:34:59 +0000] "GET /?t=A3%nm*Wb&id=Lg18299RHS10MxSh&i1=1&i2=1&i3=1&i4=1&i5=1&i6=1&i7=1&i8=1&i9=1&n1=1&n2=1&n3=1&o1=&o2=0&o3=0&e=0 HTTP/1.1" 404 139
::1 - - [02/Mar/2021:12:35:18 +0000] "GET /door/?t=A3%nm*Wb&id=Lg18299RHS10MxSh&i1=1&i2=1&i3=1&i4=1&i5=1&i6=1&i7=1&i8=1&i9=1&n1=1&n2=1&n3=1&o1=&o2=0&o3=0&e=0 HTTP/1.1" 404 144
::1 - - [02/Mar/2021:12:35:30 +0000] "GET /door/?t=A3%nm*Wb&id=Lg18299RHS10MxSh&i1=1&i2=1&i3=1&i4=1&i5=1&i6=1&i7=1&i8=1&i9=1&n1=1&n2=1&n3=1&o1=&o2=0&o3=0&e=0 HTTP/1.1" 400 22
::1 - - [02/Mar/2021:12:36:24 +0000] "GET /door/?t=A3%nm*Wb&id=Lg18299RHS10MxSh&i1=1&i2=1&i3=1&i4=1&i5=1&i6=1&i7=1&i8=1&i9=1&n1=1&n2=1&n3=1&o1=&o2=0&o3=0&e=0 HTTP/1.1" 500 85
::1 - - [02/Mar/2021:12:37:32 +0000] "GET /door/?t=A3%nm*Wb&id=Lg18299RHS10MxSh&i1=1&i2=1&i3=1&i4=1&i5=1&i6=1&i7=1&i8=1&i9=1&n1=1&n2=1&n3=1&o1=&o2=0&o3=0&e=0 HTTP/1.1" 200 182
::1 - - [02/Mar/2021:12:52:34 +0000] "GET /door/?t=A3%nm*Wb&id=Lg18299RHS10MxSh&i1=1&i2=1&i3=1&i4=1&i5=1&i6=1&i7=1&i8=1&i9=1&n1=1&n2=1&n3=1&o1=&o2=0&o3=0&e=0 HTTP/1.1" 200 182
::1 - - [02/Mar/2021:12:55:20 +0000] "GET /door/?t=A3%nm*Wb&id=Lg18299RHS10MxSh&i1=1&i2=1&i3=1&i4=1&i5=1&i6=1&i7=1&i8=1&i9=1&n1=1&n2=1&n3=1&o1=&o2=0&o3=0&e=0 HTTP/1.1" 200 182
::1 - - [02/Mar/2021:12:56:41 +0000] "GET /door/?t=A3%nm*Wb&id=Lg18299RHS10MxSh&i1=1&i2=1&i3=1&i4=1&i5=1&i6=1&i7=1&i8=1&i9=1&n1=1&n2=1&n3=1&o1=&o2=0&o3=0&e=0 HTTP/1.1" 200 182
::1 - - [02/Mar/2021:12:57:12 +0000] "GET /door/?t=A3%nm*Wb&id=Lg18299RHS10MxSh&i1=1&i2=1&i3=1&i4=1&i5=1&i6=1&i7=1&i8=1&i9=1&n1=1&n2=1&n3=1&o1=&o2=0&o3=0&e=0 HTTP/1.1" 200 182
::1 - - [02/Mar/2021:12:57:26 +0000] "GET /door/?t=A3%nm*Wb&id=Lg18299RHS10MxSh&i1=1&i2=1&i3=1&i4=1&i5=1&i6=1&i7=1&i8=1&i9=1&n1=1&n2=1&n3=1&o1=&o2=0&o3=0&e=0 HTTP/1.1" 200 182
::1 - - [02/Mar/2021:12:57:33 +0000] "GET /door/?t=A3%nm*Wb&id=Lg18299RHS10MxSh&i1=1&i2=1&i3=1&i4=1&i5=1&i6=1&i7=1&i8=1&i9=1&n1=1&n2=1&n3=1&o1=&o2=0&o3=0&e=0 HTTP/1.1" 200 182
::1 - - [02/Mar/2021:12:58:49 +0000] "GET /door/?t=A3%nm*Wb&id=Lg18299RHS10MxSh&i1=1&i2=1&i3=1&i4=1&i5=1&i6=1&i7=1&i8=1&i9=1&n1=1&n2=1&n3=1&o1=&o2=0&o3=0&e=0 HTTP/1.1" 200 182
::1 - - [02/Mar/2021:12:59:03 +0000] "GET /door/?t=A3%nm*Wb&id=Lg18299RHS10MxSh&i1=1&i2=1&i3=1&i4=1&i5=1&i6=1&i7=1&i8=1&i9=1&n1=1&n2=1&n3=1&o1=&o2=0&o3=0&e=0 HTTP/1.1" 200 182
::1 - - [02/Mar/2021:13:00:16 +0000] "GET /door/?t=A3%nm*Wb&id=Lg18299RHS10MxSh&i1=1&i2=1&i3=1&i4=1&i5=1&i6=1&i7=1&i8=1&i9=1&n1=1&n2=1&n3=1&o1=&o2=0&o3=0&e=0 HTTP/1.1" 200 182
::1 - - [02/Mar/2021:13:00:35 +0000] "GET /door/?t=A3%nm*Wb&id=Lg18299RHS10MxSh&i1=1&i2=1&i3=1&i4=1&i5=1&i6=1&i7=1&i8=1&i9=1&n1=1&n2=1&n3=1&o1=&o2=0&o3=0&e=0 HTTP/1.1" 200 182
::1 - - [02/Mar/2021:13:00:43 +0000] "GET /door/?t=A3%nm*Wb&id=Lg18299RHS10MxSh&i1=1&i2=1&i3=1&i4=1&i5=1&i6=1&i7=1&i8=1&i9=1&n1=1&n2=1&n3=1&o1=&o2=0&o3=0&e=0 HTTP/1.1" 200 182
::1 - - [02/Mar/2021:13:00:55 +0000] "GET /door/?t=A3%nm*Wb&id=Lg18299RHS10MxSh&i1=1&i2=1&i3=1&i4=1&i5=1&i6=1&i7=1&i8=1&i9=1&n1=1&n2=1&n3=1&o1=0&o2=0&o3=0&e=0 HTTP/1.1" 200 182
::1 - - [02/Mar/2021:13:01:28 +0000] "GET /door/?t=A3%nm*Wb&id=Lg18299RHS10MxSh&i1=1&i2=1&i3=1&i4=1&i5=1&i6=1&i7=1&i8=1&i9=1&n1=1&n2=1&n3=1&o1=0&o2=0&o3=0&e=0 HTTP/1.1" 200 182
::1 - - [02/Mar/2021:13:03:05 +0000] "GET /door/?t=A3%nm*Wb&id=Lg18299RHS10MxSh&i1=1&i2=1&i3=1&i4=1&i5=1&i6=1&i7=1&i8=1&i9=1&n1=1&n2=1&n3=1&o1=0&o2=0&o3=0&e=0 HTTP/1.1" 200 182
::1 - - [02/Mar/2021:13:03:23 +0000] "GET /door/?t=A3%nm*Wb&id=Lg18299RHS10MxSh&i1=1&i2=1&i3=1&i4=1&i5=1&i6=1&i7=1&i8=1&i9=1&n1=1&n2=1&n3=1&o1=0&o2=0&o3=0&e=0 HTTP/1.1" 200 182
::1 - - [02/Mar/2021:13:03:42 +0000] "GET /door/?t=A3%nm*Wb&id=Lg18299RHS10MxSh&i1=1&i2=1&i3=1&i4=1&i5=1&i6=1&i7=1&i8=1&i9=1&n1=1&n2=1&n3=1&o1=0&o2=0&o3=0&e=0 HTTP/1.1" 500 56
::1 - - [02/Mar/2021:13:03:54 +0000] "GET /door/?t=A3%nm*Wb&id=Lg18299RHS10MxSh&i1=1&i2=1&i3=1&i4=1&i5=1&i6=1&i7=1&i8=1&i9=1&n1=1&n2=1&n3=1&o1=0&o2=0&o3=0&e=0 HTTP/1.1" 200 182
::1 - - [02/Mar/2021:13:04:35 +0000] "GET /door/?t=A3%nm*Wb&id=Lg18299RHS10MxSh&i1=1&i2=1&i3=1&i4=1&i5=1&i6=1&i7=1&i8=1&i9=1&n1=1&n2=1&n3=1&o1=0&o2=0&o3=0&e=0 HTTP/1.1" 200 182
::1 - - [02/Mar/2021:13:05:14 +0000] "GET /door/?t=A3%nm*Wb&id=Lg18299RHS10MxSh&i1=1&i2=1&i3=1&i4=1&i5=1&i6=1&i7=1&i8=1&i9=1&n1=1&n2=1&n3=1&o1=0&o2=0&o3=0&e=0 HTTP/1.1" 200 182
::1 - - [02/Mar/2021:13:07:38 +0000] "PUT /door/?t=A3%nm*Wb&id=Lg18299RHS10MxSh&i1=1&i2=1&i3=1&i4=1&i5=1&i6=1&i7=1&i8=1&i9=1&n1=1&n2=1&n3=1&o1=0&o2=0&o3=0&e=0 HTTP/1.1" 200 182
::1 - - [02/Mar/2021:13:10:16 +0000] "PUT /door/?t=A3%nm*Wb&id=Lg18299RHS10MxSh&i1=1&i2=1&i3=1&i4=1&i5=1&i6=1&i7=1&i8=1&i9=1&n1=1&n2=1&n3=1&o1=0&o2=0&o3=0&e=0 HTTP/1.1" 200 182
::1 - - [02/Mar/2021:13:10:52 +0000] "PUT /door/?t=A3%nm*Wb&id=Lg18299RHS10MxSh&i1=1&i2=1&i3=1&i4=1&i5=1&i6=1&i7=1&i8=1&i9=1&n1=1&n2=1&n3=1&o1=0&o2=0&o3=0&e=0 HTTP/1.1" 200 182
::1 - - [02/Mar/2021:13:16:57 +0000] "PUT /door/?t=A3%nm*Wb&id=Lg18299RHS10MxSh&i1=1&i2=1&i3=1&i4=1&i5=1&i6=1&i7=1&i8=1&i9=1&n1=1&n2=1&n3=1&o1=0&o2=0&o3=0&e=0 HTTP/1.1" 200 182
::1 - - [02/Mar/2021:13:41:02 +0000] "PUT /door/?t=A3%nm*Wb&id=Lg18299RHS10MxSh&i1=1&i2=1&i3=1&i4=1&i5=1&i6=1&i7=1&i8=1&i9=1&n1=1&n2=1&n3=1&o1=0&o2=0&o3=0&e=0 HTTP/1.1" 200 318
::1 - - [02/Mar/2021:13:43:05 +0000] "PUT /door/?t=A3%nm*Wb&id=Lg18299RHS10MxSh&i1=1&i2=1&i3=1&i4=1&i5=1&i6=1&i7=1&i8=1&i9=1&n1=1&n2=1&n3=1&o1=0&o2=0&o3=0&e=0 HTTP/1.1" 500 29
::1 - - [02/Mar/2021:13:44:31 +0000] "PUT /door/?t=A3%nm*Wb&id=Lg18299RHS10MxSh&i1=1&i2=1&i3=1&i4=1&i5=1&i6=1&i7=1&i8=1&i9=1&n1=1&n2=1&n3=1&o1=0&o2=0&o3=0&e=0 HTTP/1.1" 200 318
::1 - - [02/Mar/2021:13:47:51 +0000] "PUT /door/?t=A3%nm*Wb&id=Lg18299RHS10MxSh&i1=1&i2=1&i3=1&i4=1&i5=1&i6=1&i7=1&i8=1&i9=1&n1=1&n2=1&n3=1&o1=0&o2=0&o3=0&e=0 HTTP/1.1" 200 318
::1 - - [02/Mar/2021:13:49:26 +0000] "PUT /door/?t=A3%nm*Wb&id=Lg18299RHS10MxSh&i1=1&i2=1&i3=1&i4=1&i5=1&i6=1&i7=1&i8=1&i9=1&n1=1&n2=1&n3=1&o1=0&o2=0&o3=0&e=0 HTTP/1.1" 200 318
::1 - - [02/Mar/2021:13:49:52 +0000] "PUT /door/?t=A3%nm*Wb&id=Lg18299RHS10MxSh&i1=1&i2=1&i3=1&i4=1&i5=1&i6=1&i7=1&i8=1&i9=1&n1=1&n2=1&n3=1&o1=0&o2=0&o3=0&e=0 HTTP/1.1" 200 318
::1 - - [02/Mar/2021:13:50:35 +0000] "PUT /door/?t=A3%nm*Wb&id=Lg18299RHS10MxSh&i1=1&i2=1&i3=1&i4=1&i5=1&i6=1&i7=1&i8=1&i9=1&n1=1&n2=1&n3=1&o1=1&o2=0&o3=0&e=0 HTTP/1.1" 200 318
::1 - - [02/Mar/2021:13:50:58 +0000] "PUT /door/?t=A3%nm*Wb&id=Lg18299RHS10MxSh&i1=1&i2=1&i3=1&i4=1&i5=1&i6=1&i7=1&i8=1&i9=1&n1=1&n2=1&n3=1&o1=1&o2=0&o3=0&e=0 HTTP/1.1" 200 318
::1 - - [02/Mar/2021:13:51:12 +0000] "PUT /door/?t=A3%nm*Wb&id=Lg18299RHS10MxSh&i1=1&i2=1&i3=1&i4=1&i5=1&i6=1&i7=1&i8=1&i9=1&n1=1&n2=1&n3=1&o1=0&o2=0&o3=0&e=0 HTTP/1.1" 200 318
::1 - - [02/Mar/2021:13:51:40 +0000] "PUT /door/?t=A3%nm*Wb&id=Lg18299RHS10MxSh&i1=1&i2=1&i3=1&i4=1&i5=1&i6=1&i7=1&i8=1&i9=1&n1=1&n2=1&n3=1&o1=1&o2=0&o3=0&e=0 HTTP/1.1" 200 318
::1 - - [02/Mar/2021:13:51:53 +0000] "PUT /door/?t=A3%nm*Wb&id=Lg18299RHS10MxSh&i1=1&i2=1&i3=1&i4=1&i5=1&i6=1&i7=1&i8=1&i9=1&n1=1&n2=1&n3=1&o1=1&o2=0&o3=0&e=0 HTTP/1.1" 200 318
::1 - - [02/Mar/2021:13:52:05 +0000] "PUT /door/?t=A3%nm*Wb&id=Lg18299RHS10MxSh&i1=1&i2=1&i3=1&i4=1&i5=1&i6=1&i7=1&i8=1&i9=1&n1=1&n2=1&n3=1&o1=1&o2=0&o3=0&e=0 HTTP/1.1" 200 318
::1 - - [02/Mar/2021:13:52:14 +0000] "PUT /door/?t=A3%nm*Wb&id=Lg18299RHS10MxSh&i1=1&i2=1&i3=1&i4=1&i5=1&i6=1&i7=1&i8=1&i9=1&n1=1&n2=1&n3=1&o1=0&o2=0&o3=0&e=0 HTTP/1.1" 200 318
::1 - - [02/Mar/2021:13:52:43 +0000] "PUT /door/?t=A3%nm*Wb&id=Lg18299RHS10MxSh&i1=1&i2=1&i3=1&i4=1&i5=1&i6=1&i7=1&i8=1&i9=1&n1=1&n2=1&n3=1&o1=0&o2=0&o3=0&e=0 HTTP/1.1" 200 318
::1 - - [02/Mar/2021:13:53:05 +0000] "PUT /door/?t=A3%nm*Wb&id=Lg18299RHS10MxSh&i1=1&i2=1&i3=1&i4=1&i5=1&i6=1&i7=1&i8=1&i9=1&n1=1&n2=1&n3=1&o1=0&o2=0&o3=0&e=0 HTTP/1.1" 200 318
::1 - - [02/Mar/2021:13:53:25 +0000] "PUT /door/?t=A3%nm*Wb&id=Lg18299RHS10MxSh&i1=1&i2=1&i3=1&i4=1&i5=1&i6=1&i7=1&i8=1&i9=1&n1=1&n2=1&n3=1&o1=0&o2=0&o3=0&e=0 HTTP/1.1" 200 318
::1 - - [02/Mar/2021:13:56:02 +0000] "PUT /door/?t=A3%nm*Wb&id=Lg18299RHS10MxSh&i1=1&i2=1&i3=1&i4=1&i5=1&i6=1&i7=1&i8=1&i9=1&n1=1&n2=1&n3=1&o1=0&o2=0&o3=0&e=0 HTTP/1.1" 200 318
::1 - - [02/Mar/2021:13:56:21 +0000] "PUT /door/?t=A3%nm*Wb&id=Lg18299RHS10MxSh&i1=1&i2=1&i3=1&i4=1&i5=1&i6=1&i7=1&i8=1&i9=1&n1=1&n2=1&n3=1&o1=0&o2=0&o3=0&e=0 HTTP/1.1" 200 318
::1 - - [02/Mar/2021:13:57:04 +0000] "PUT /door/?t=A3%nm*Wb&id=Lg18299RHS10MxSh&i1=1&i2=1&i3=1&i4=1&i5=1&i6=1&i7=1&i8=1&i9=1&n1=1&n2=1&n3=1&o1=0&o2=0&o3=0&e=0 HTTP/1.1" 200 318
::1 - - [02/Mar/2021:13:58:23 +0000] "PUT /door/?t=A3%nm*Wb&id=Lg18299RHS10MxSh&i1=1&i2=1&i3=1&i4=1&i5=1&i6=1&i7=1&i8=1&i9=1&n1=1&n2=1&n3=1&o1=0&o2=0&o3=0&e=0 HTTP/1.1" 200 318
::1 - - [02/Mar/2021:14:02:53 +0000] "PUT /door/?t=A3%nm*Wb&id=Lg18299RHS10MxSh&i1=1&i2=1&i3=1&i4=1&i5=1&i6=1&i7=1&i8=1&i9=1&n1=1&n2=1&n3=1&o1=0&o2=0&o3=0&e=0 HTTP/1.1" 200 318
::1 - - [02/Mar/2021:14:03:00 +0000] "PUT /door/?t=A3%nm*Wb&id=Lg18299RHS10MxSh&i1=1&i2=1&i3=1&i4=1&i5=1&i6=1&i7=1&i8=1&i9=1&n1=1&n2=1&n3=1&o1=1&o2=0&o3=0&e=0 HTTP/1.1" 200 318
::1 - - [02/Mar/2021:14:14:46 +0000] "GET /door/Lg18299RHS10MxSh?t=A3%25nm*Wb&doorID=Lg18299RHS10MxSh&i1=1&i2=1&i3=1&i4=1&i5=1&i6=1&i7=1&i8=1&i9=1&n1=1&n2=1&n3=1&o1=1&o2=1&o3=1&e=0 HTTP/1.1" 404 160
::1 - - [02/Mar/2021:14:25:43 +0000] "GET /door/t=A3%nm*Wb&id=Lg18299RHS10MxSh&i1=1&i2=1&i3=1&i4=1&i5=1&i6=1&i7=1&i8=1&i9=1&n1=1&n2=1&n3=1&o1=1&o2=0&o3=0&e=0?t=A3%25nm*Wb&doorID=Lg18299RHS10MxSh&i1=1&i2=1&i3=1&i4=1&i5=1&i6=1&i7=1&i8=1&i9=1&n1=1&n2=1&n3=1&o1=1&o2=1&o3=1&e=0 HTTP/1.1" 404 323
::1 - - [02/Mar/2021:14:26:44 +0000] "GET /door/?t=A3%25nm*Wb&doorID=Lg18299RHS10MxSh&i1=1&i2=1&i3=1&i4=1&i5=1&i6=1&i7=1&i8=1&i9=1&n1=1&n2=1&n3=1&o1=1&o2=1&o3=1&e=0 HTTP/1.1" 404 144
::1 - - [02/Mar/2021:14:26:58 +0000] "OPTIONS /door/ HTTP/1.1" 200 3
::1 - - [02/Mar/2021:14:27:18 +0000] "OPTIONS /door/t=A3%nm*Wb&id=Lg18299RHS10MxSh&i1=1&i2=1&i3=1&i4=1&i5=1&i6=1&i7=1&i8=1&i9=1&n1=1&n2=1&n3=1&o1=1&o2=0&o3=0&e=0 HTTP/1.1" 404 327
::1 - - [02/Mar/2021:14:28:24 +0000] "OPTIONS /door/t=A3%nm*Wb&id=Lg18299RHS10MxSh&i1=1&i2=1&i3=1&i4=1&i5=1&i6=1&i7=1&i8=1&i9=1&n1=1&n2=1&n3=1&o1=1&o2=0&o3=0&e=0 HTTP/1.1" 404 327
::1 - - [02/Mar/2021:14:30:02 +0000] "OPTIONS /door/?t=A3%nm*Wb&id=Lg18299RHS10MxSh&i1=1&i2=1&i3=1&i4=1&i5=1&i6=1&i7=1&i8=1&i9=1&n1=1&n2=1&n3=1&o1=1&o2=0&o3=0&e=0 HTTP/1.1" 200 3
::1 - - [02/Mar/2021:14:30:19 +0000] "OPTIONS /door/?t=A3%nm*Wb&id=Lg18299RHS10MxSh&i1=1&i2=1&i3=1&i4=1&i5=1&i6=1&i7=1&i8=1&i9=1&n1=1&n2=1&n3=1&o1=1&o2=0&o3=0&e=0 HTTP/1.1" 200 3
::1 - - [02/Mar/2021:14:30:44 +0000] "OPTIONS /door/?t=A3%nm*Wb&id=Lg18299RHS10MxSh&i1=1&i2=1&i3=1&i4=1&i5=1&i6=1&i7=1&i8=1&i9=1&n1=1&n2=1&n3=1&o1=1&o2=0&o3=0&e=0 HTTP/1.1" 200 3
::1 - - [02/Mar/2021:14:31:16 +0000] "OPTIONS /door/undefined HTTP/1.1" 404 157
::1 - - [02/Mar/2021:14:31:39 +0000] "PUT /door/?t=A3%nm*Wb&id=Lg18299RHS10MxSh&i1=1&i2=1&i3=1&i4=1&i5=1&i6=1&i7=1&i8=1&i9=1&n1=1&n2=1&n3=1&o1=1&o2=0&o3=0&e=0 HTTP/1.1" 200 318
::1 - - [02/Mar/2021:14:35:27 +0000] "OPTIONS /door/?t=A3%nm*Wb&id=Lg18299RHS10MxSh&i1=1&i2=1&i3=1&i4=1&i5=1&i6=1&i7=1&i8=1&i9=1&n1=1&n2=1&n3=1&o1=1&o2=0&o3=0&e=0 HTTP/1.1" 200 3
::1 - - [02/Mar/2021:14:39:23 +0000] "PUT /door/?t=A3%nm*Wb&id=Lg18299RHS10MxSh&i1=1&i2=1&i3=1&i4=1&i5=1&i6=1&i7=1&i8=1&i9=1&n1=1&n2=1&n3=1&o1=1&o2=0&o3=0&e=0 HTTP/1.1" 200 318
::1 - - [02/Mar/2021:14:41:03 +0000] "PUT /door/undefined HTTP/1.1" 404 153
::1 - - [02/Mar/2021:14:41:17 +0000] "PUT /door/?t=A3%nm*Wb&id=Lg18299RHS10MxSh&i1=1&i2=1&i3=1&i4=1&i5=1&i6=1&i7=1&i8=1&i9=1&n1=1&n2=1&n3=1&o1=1&o2=0&o3=0&e=0 HTTP/1.1" 200 318
::1 - - [02/Mar/2021:14:41:18 +0000] "PUT /door/?t=A3%nm*Wb&id=Lg18299RHS10MxSh&i1=1&i2=1&i3=1&i4=1&i5=1&i6=1&i7=1&i8=1&i9=1&n1=1&n2=1&n3=1&o1=1&o2=0&o3=0&e=0 HTTP/1.1" 200 318
::1 - - [02/Mar/2021:14:41:19 +0000] "PUT /door/?t=A3%nm*Wb&id=Lg18299RHS10MxSh&i1=1&i2=1&i3=1&i4=1&i5=1&i6=1&i7=1&i8=1&i9=1&n1=1&n2=1&n3=1&o1=1&o2=0&o3=0&e=0 HTTP/1.1" 200 318
::1 - - [02/Mar/2021:14:42:09 +0000] "PUT /door/?t=A3%nm*Wb&id=Lg18299RHS10MxSh&i1=1&i2=1&i3=1&i4=1&i5=1&i6=1&i7=1&i8=1&i9=1&n1=1&n2=1&n3=1&o1=1&o2=0&o3=0&e=0 HTTP/1.1" 200 318
::1 - - [02/Mar/2021:14:43:13 +0000] "PUT /door/?t=A3%nm*Wb&id=Lg18299RHS10MxSh&i1=1&i2=1&i3=1&i4=1&i5=1&i6=1&i7=1&i8=1&i9=1&n1=1&n2=1&n3=1&o1=1&o2=0&o3=0&e=0 HTTP/1.1" 200 318
::1 - - [02/Mar/2021:14:43:35 +0000] "PUT /door/?t=A3%nm*Wb&id=Lg18299RHS10MxSh&i1=1&i2=1&i3=1&i4=1&i5=1&i6=1&i7=1&i8=1&i9=1&n1=1&n2=1&n3=1&o1=1&o2=0&o3=0&e=0 HTTP/1.1" 200 318
::1 - - [02/Mar/2021:14:43:51 +0000] "PUT /door/?t=A3%nm*Wb&id=Lg18299RHS10MxSh&i1=1&i2=1&i3=1&i4=1&i5=1&i6=1&i7=1&i8=1&i9=1&n1=1&n2=1&n3=1&o1=1&o2=0&o3=0&e=0 HTTP/1.1" 200 318
::1 - - [02/Mar/2021:14:44:59 +0000] "PUT /door/?t=A3%nm*Wb&id=Lg18299RHS10MxSh&i1=1&i2=1&i3=1&i4=1&i5=1&i6=1&i7=1&i8=1&i9=1&n1=1&n2=1&n3=1&o1=1&o2=0&o3=0&e=0 HTTP/1.1" 200 318
::1 - - [02/Mar/2021:14:45:39 +0000] "PUT /door/?t=A3%nm*Wb&id=Lg18299RHS10MxSh&i1=1&i2=1&i3=1&i4=1&i5=1&i6=1&i7=1&i8=1&i9=1&n1=1&n2=1&n3=1&o1=1&o2=0&o3=0&e=0 HTTP/1.1" 200 318
::1 - - [02/Mar/2021:14:46:44 +0000] "PUT /door/?t=A3%nm*Wb&id=Lg18299RHS10MxSh&i1=1&i2=1&i3=1&i4=1&i5=1&i6=1&i7=1&i8=1&i9=1&n1=1&n2=1&n3=1&o1=1&o2=0&o3=0&e=0 HTTP/1.1" 200 318
::1 - - [02/Mar/2021:14:47:45 +0000] "PUT /door/?t=A3%nm*Wb&id=Lg18299RHS10MxSh&i1=1&i2=1&i3=1&i4=1&i5=1&i6=1&i7=1&i8=1&i9=1&n1=1&n2=1&n3=1&o1=1&o2=0&o3=0&e=0 HTTP/1.1" 200 318
::1 - - [02/Mar/2021:14:48:15 +0000] "PUT /door/?t=A3%nm*Wb&id=Lg18299RHS10MxSh&i1=1&i2=1&i3=1&i4=1&i5=1&i6=1&i7=1&i8=1&i9=1&n1=1&n2=1&n3=1&o1=1&o2=0&o3=0&e=0 HTTP/1.1" 200 318
::1 - - [02/Mar/2021:14:49:07 +0000] "PUT /door/?t=A3%nm*Wb&id=Lg18299RHS10MxSh&i1=0&i2=1&i3=1&i4=1&i5=1&i6=1&i7=1&i8=1&i9=1&n1=1&n2=1&n3=1&o1=1&o2=0&o3=0&e=0 HTTP/1.1" 200 318
::1 - - [02/Mar/2021:14:49:12 +0000] "PUT /door/?t=A3%nm*Wb&id=Lg18299RHS10MxSh&i1=1&i2=1&i3=1&i4=1&i5=1&i6=1&i7=1&i8=1&i9=1&n1=1&n2=1&n3=1&o1=1&o2=0&o3=0&e=0 HTTP/1.1" 200 318
::1 - - [02/Mar/2021:14:50:11 +0000] "PUT /door/?t=A3%nm*Wb&id=Lg18299RHS10MxSh&i1=1&i2=1&i3=1&i4=1&i5=1&i6=1&i7=1&i8=1&i9=1&n1=1&n2=1&n3=1&o1=1&o2=0&o3=0&e=0 HTTP/1.1" 200 318
::1 - - [02/Mar/2021:14:50:16 +0000] "PUT /door/?t=A3%nm*Wb&id=Lg18299RHS10MxSh&i1=1&i2=1&i3=1&i4=1&i5=1&i6=1&i7=1&i8=1&i9=1&n1=1&n2=1&n3=1&o1=1&o2=0&o3=0&e=0 HTTP/1.1" 200 360
::1 - - [02/Mar/2021:14:50:24 +0000] "PUT /door/?t=A3%nm*Wb&id=Lg18299RHS10MxSh&i1=1&i2=1&i3=1&i4=1&i5=1&i6=1&i7=1&i8=1&i9=1&n1=1&n2=1&n3=1&o1=1&o2=0&o3=0&e=0 HTTP/1.1" 200 360
